2016-08-29 20:12:42 [127.0.0.1][-][-][error][yii\base\ErrorException:8] exception 'yii\base\ErrorException' with message 'Undefined index: changeChars' in B:\www\projects\albert5-cms\private\backend\utilities\BackendController.php:21
Stack trace:
#0 B:\www\projects\albert5-cms\private\vendor\yiisoft\yii2\base\Controller.php(84): yii\base\Object->__construct()
#1 B:\www\projects\albert5-cms\private\vendor\yiisoft\yii2\di\Container.php(368): yii\base\Controller->__construct()
#2 B:\www\projects\albert5-cms\private\vendor\yiisoft\yii2\di\Container.php(368): ReflectionClass->newInstanceArgs()
#3 B:\www\projects\albert5-cms\private\vendor\yiisoft\yii2\di\Container.php(153): yii\di\Container->build()
#4 B:\www\projects\albert5-cms\private\vendor\yiisoft\yii2\BaseYii.php(340): yii\di\Container->get()
#5 B:\www\projects\albert5-cms\private\vendor\yiisoft\yii2\base\Module.php(567): yii\BaseYii::createObject()
#6 B:\www\projects\albert5-cms\private\vendor\yiisoft\yii2\base\Module.php(520): yii\base\Module->createControllerByID()
#7 B:\www\projects\albert5-cms\private\vendor\yiisoft\yii2\base\Module.php(448): yii\base\Module->createController()
#8 B:\www\projects\albert5-cms\private\vendor\yiisoft\yii2\web\Application.php(84): yii\base\Module->runAction()
#9 B:\www\projects\albert5-cms\private\vendor\yiisoft\yii2\base\Application.php(375): yii\web\Application->handleRequest()
#10 B:\www\projects\albert5-cms\web\install\index.php(16): yii\base\Application->run()
#11 {main}
2016-08-29 20:12:42 [127.0.0.1][-][-][info][application] $_SERVER = [
    'HTTP_HOST' => 'projects'
    'HTTP_USER_AGENT' => 'Mozilla/5.0 (Windows NT 10.0; WOW64; rv:48.0) Gecko/20100101 Firefox/48.0'
    'HTTP_ACCEPT' => 'text/html,application/xhtml+xml,application/xml;q=0.9,*/*;q=0.8'
    'HTTP_ACCEPT_LANGUAGE' => 'cs,en-US;q=0.7,en;q=0.3'
    'HTTP_ACCEPT_ENCODING' => 'gzip, deflate'
    'HTTP_CONNECTION' => 'keep-alive'
    'HTTP_UPGRADE_INSECURE_REQUESTS' => '1'
    'PATH' => 'C:\\Program Files (x86)\\NVIDIA Corporation\\PhysX\\Common;C:\\ProgramData\\Oracle\\Java\\javapath;C:\\WINDOWS\\system32;C:\\WINDOWS;C:\\WINDOWS\\System32\\Wbem;C:\\WINDOWS\\System32\\WindowsPowerShell\\v1.0\\;C:\\Program Files (x86)\\Git\\cmd;C:\\Program Files (x86)\\PHP;C:\\ProgramData\\Composer\\bin;B:\\data\\www\\classes\\yii\\framework;c:\\Program Files (x86)\\Microsoft SQL Server\\90\\Tools\\binn\\;C:\\Program Files\\nodejs\\;C:\\Program Files (x86)\\QuickTime\\QTSystem\\;C:\\Program Files\\MySQL\\MySQL Server 5.5\\bin;C:\\Program Files (x86)\\nodejs\\;C:\\Program Files (x86)\\Skype\\Phone\\;'
    'SystemRoot' => 'C:\\WINDOWS'
    'COMSPEC' => 'C:\\WINDOWS\\system32\\cmd.exe'
    'PATHEXT' => '.COM;.EXE;.BAT;.CMD;.VBS;.VBE;.JS;.JSE;.WSF;.WSH;.MSC;.PY'
    'WINDIR' => 'C:\\WINDOWS'
    'SERVER_SIGNATURE' => ''
    'SERVER_SOFTWARE' => 'Apache/2.4.23 (Win32) OpenSSL/1.0.2h PHP/5.6.23'
    'SERVER_NAME' => 'projects'
    'SERVER_ADDR' => '127.0.0.1'
    'SERVER_PORT' => '80'
    'REMOTE_ADDR' => '127.0.0.1'
    'DOCUMENT_ROOT' => 'B:/www/projects'
    'REQUEST_SCHEME' => 'http'
    'CONTEXT_PREFIX' => ''
    'CONTEXT_DOCUMENT_ROOT' => 'B:/www/projects'
    'SERVER_ADMIN' => 'webmaster@localhost'
    'SCRIPT_FILENAME' => 'B:/www/projects/albert5-cms/web/install/index.php'
    'REMOTE_PORT' => '49755'
    'GATEWAY_INTERFACE' => 'CGI/1.1'
    'SERVER_PROTOCOL' => 'HTTP/1.1'
    'REQUEST_METHOD' => 'GET'
    'QUERY_STRING' => ''
    'REQUEST_URI' => '/albert5-cms/web/install/'
    'SCRIPT_NAME' => '/albert5-cms/web/install/index.php'
    'PHP_SELF' => '/albert5-cms/web/install/index.php'
    'REQUEST_TIME_FLOAT' => 1472494362.507
    'REQUEST_TIME' => 1472494362
]
